<?xml version="1.0" encoding="UTF-8"?>
<!-- Generated by org.testng.reporters.JUnitReportReporter -->
<testsuite hostname="sys" name="com.orangehrm.baseclass.Login" tests="2" failures="0" timestamp="21 Feb 2016 06:12:31 GMT" time="55.836" errors="0">
  <testcase name="loginTest" time="23.888" classname="com.orangehrm.baseclass.Login"/>
  <testcase name="loginTest" time="31.948" classname="com.orangehrm.baseclass.Login"/>
</testsuite> <!-- com.orangehrm.baseclass.Login -->
